Q3 Value Iteration Log (lec3)
timestamp: 2026-02-11T18:30:32.165724
Goal state: s_{4,4}
Grey states: s_{0,4}, s_{2,2}, s_{3,0}
Note: reward-on-arrival is used (r = R(s')).

k=0  delta_max=0.0000000000
V_k:
  0.00    0.00    0.00    0.00    0.00*
  0.00    0.00    0.00    0.00    0.00 
  0.00    0.00    0.00*   0.00    0.00 
  0.00*   0.00    0.00    0.00    0.00 
  0.00    0.00    0.00    0.00     G   
Greedy policy π_k (w.r.t. V_k):
→←↓↑ →←↓↑ →←↓↑ ←↓↑ ←↓ 
→←↓↑ →←↓↑ →←↑ →←↓↑ →←↓
→←↑ ←↓↑ →←↓↑ →↓↑ →←↓↑
→↓↑ →↓↑ →←↓ →←↓↑  ↓ 
→←↓ →←↓↑ →←↓↑  →    X 

------------------------------------------------------------

k=1  delta_max=10.0000000000
V_k:
 -1.00   -1.00   -1.00   -1.00   -1.00*
 -1.00   -1.00   -1.00   -1.00   -1.00 
 -1.00   -1.00   -1.00*  -1.00   -1.00 
 -1.00*  -1.00   -1.00   -1.00   10.00 
 -1.00   -1.00   -1.00   10.00     G   
Greedy policy π_k (w.r.t. V_k):
→←↓↑ →←↓↑ →←↓↑ ←↓↑ ←↓ 
→←↓↑ →←↓↑ →←↑ →←↓↑ →←↓
→←↑ ←↓↑ →←↓↑ →↓↑  ↓ 
→↓↑ →↓↑ →←↓ →↓   ↓ 
→←↓ →←↓↑  →   →    X 

------------------------------------------------------------

k=2  delta_max=9.9000000000
V_k:
 -1.99   -1.99   -1.99   -1.99   -1.99*
 -1.99   -1.99   -1.99   -1.99   -1.99 
 -1.99   -1.99   -1.99*  -1.99    8.90 
 -1.99*  -1.99   -1.99    8.90   10.00 
 -1.99   -1.99    8.90   10.00     G   
Greedy policy π_k (w.r.t. V_k):
→←↓↑ →←↓↑ →←↓↑ ←↓↑ ←↓ 
→←↓↑ →←↓↑ →←↑ →←↓↑  ↓ 
→←↑ ←↓↑ →←↓↑ →↓   ↓ 
→↓↑ →↓↑ →↓  →↓   ↓ 
→←↓  →   →   →    X 

------------------------------------------------------------

k=3  delta_max=9.8010000000
V_k:
 -2.97   -2.97   -2.97   -2.97   -2.97*
 -2.97   -2.97   -2.97   -2.97    7.81 
 -2.97   -2.97   -2.97*   7.81    8.90 
 -2.97*  -2.97    7.81    8.90   10.00 
 -2.97    7.81    8.90   10.00     G   
Greedy policy π_k (w.r.t. V_k):
→←↓↑ →←↓↑ →←↓↑ ←↓↑  ↓ 
→←↓↑ →←↓↑ →←↑ →↓   ↓ 
→←↑ ←↓↑ →↓  →↓   ↓ 
→↓↑ →↓  →↓  →↓   ↓ 
 →   →   →   →    X 

------------------------------------------------------------

k=4  delta_max=9.7029900000
V_k:
 -3.94   -3.94   -3.94   -3.94    6.73*
 -3.94   -3.94   -3.94    6.73    7.81 
 -3.94   -3.94    6.73*   7.81    8.90 
 -3.94*   6.73    7.81    8.90   10.00 
  6.73    7.81    8.90   10.00     G   
Greedy policy π_k (w.r.t. V_k):
→←↓↑ →←↓↑ →←↓↑  ↓   ↓ 
→←↓↑ →←↓↑  →  →↓   ↓ 
→←↑  ↓  →↓  →↓   ↓ 
→↓  →↓  →↓  →↓   ↓ 
 →   →   →   →    X 

------------------------------------------------------------

k=5  delta_max=9.6059601000
V_k:
 -4.90   -4.90   -4.90    5.67    6.73*
 -4.90   -4.90    5.67    6.73    7.81 
 -4.90    5.67    6.73*   7.81    8.90 
  5.67*   6.73    7.81    8.90   10.00 
  6.73    7.81    8.90   10.00     G   
Greedy policy π_k (w.r.t. V_k):
→←↓↑ →←↓↑ →↓   ↓   ↓ 
→←↓↑ →↓   →  →↓   ↓ 
 →   ↓  →↓  →↓   ↓ 
→↓  →↓  →↓  →↓   ↓ 
 →   →   →   →    X 

------------------------------------------------------------

k=6  delta_max=9.5099004990
V_k:
 -5.85   -5.85    4.61    5.67    6.73*
 -5.85    4.61    5.67    6.73    7.81 
  4.61    5.67    6.73*   7.81    8.90 
  5.67*   6.73    7.81    8.90   10.00 
  6.73    7.81    8.90   10.00     G   
Greedy policy π_k (w.r.t. V_k):
→←↓↑ →↓  →↓   ↓   ↓ 
→↓  →↓   →  →↓   ↓ 
 →   ↓  →↓  →↓   ↓ 
→↓  →↓  →↓  →↓   ↓ 
 →   →   →   →    X 

------------------------------------------------------------

k=7  delta_max=9.4148014940
V_k:
 -6.79    3.56    4.61    5.67    6.73*
  3.56    4.61    5.67    6.73    7.81 
  4.61    5.67    6.73*   7.81    8.90 
  5.67*   6.73    7.81    8.90   10.00 
  6.73    7.81    8.90   10.00     G   
Greedy policy π_k (w.r.t. V_k):
→↓  →↓  →↓   ↓   ↓ 
→↓  →↓   →  →↓   ↓ 
 →   ↓  →↓  →↓   ↓ 
→↓  →↓  →↓  →↓   ↓ 
 →   →   →   →    X 

------------------------------------------------------------

k=8  delta_max=9.3206534791
V_k:
  2.53    3.56    4.61    5.67    6.73*
  3.56    4.61    5.67    6.73    7.81 
  4.61    5.67    6.73*   7.81    8.90 
  5.67*   6.73    7.81    8.90   10.00 
  6.73    7.81    8.90   10.00     G   
Greedy policy π_k (w.r.t. V_k):
→↓  →↓  →↓   ↓   ↓ 
→↓  →↓   →  →↓   ↓ 
 →   ↓  →↓  →↓   ↓ 
→↓  →↓  →↓  →↓   ↓ 
 →   →   →   →    X 

------------------------------------------------------------

k=9  delta_max=0.0000000000
V_k:
  2.53    3.56    4.61    5.67    6.73*
  3.56    4.61    5.67    6.73    7.81 
  4.61    5.67    6.73*   7.81    8.90 
  5.67*   6.73    7.81    8.90   10.00 
  6.73    7.81    8.90   10.00     G   
Greedy policy π_k (w.r.t. V_k):
→↓  →↓  →↓   ↓   ↓ 
→↓  →↓   →  →↓   ↓ 
 →   ↓  →↓  →↓   ↓ 
→↓  →↓  →↓  →↓   ↓ 
 →   →   →   →    X 

------------------------------------------------------------

CONVERGED at k=9 (delta_max=0.0000000000)

Final V*:
  2.53    3.56    4.61    5.67    6.73*
  3.56    4.61    5.67    6.73    7.81 
  4.61    5.67    6.73*   7.81    8.90 
  5.67*   6.73    7.81    8.90   10.00 
  6.73    7.81    8.90   10.00     G   

Final π*:
→↓  →↓  →↓   ↓   ↓ 
→↓  →↓   →  →↓   ↓ 
 →   ↓  →↓  →↓   ↓ 
→↓  →↓  →↓  →↓   ↓ 
 →   →   →   →    X 
